2025-08-20 21:54:04,802 INFO RPC interface 'supervisor' initialized
2025-08-20 21:54:04,802 CRIT Server 'unix_http_server' running without any HTTP authentication checking
2025-08-20 21:54:04,805 INFO daemonizing the supervisord process
2025-08-20 21:54:04,806 INFO supervisord started with pid 22926
2025-08-20 21:54:05,809 INFO spawned: 'webserver' with pid 22928
2025-08-20 21:54:06,896 INFO success: webserver entered RUNNING state, process has stayed up for > than 1 seconds (startsecs)
2025-08-20 22:57:25,717 INFO waiting for webserver to stop
2025-08-20 22:57:25,718 WARN stopped: webserver (terminated by SIGTERM)
2025-08-20 22:57:25,725 INFO spawned: 'webserver' with pid 23652
2025-08-20 22:57:26,834 INFO success: webserver entered RUNNING state, process has stayed up for > than 1 seconds (startsecs)
2025-08-21 02:08:04,775 INFO waiting for webserver to stop
2025-08-21 02:08:04,777 WARN stopped: webserver (terminated by SIGTERM)
2025-08-21 02:08:04,783 INFO spawned: 'webserver' with pid 30254
2025-08-21 02:08:05,878 INFO success: webserver entered RUNNING state, process has stayed up for > than 1 seconds (startsecs)
2025-08-21 02:41:54,503 INFO waiting for webserver to stop
2025-08-21 02:41:54,506 WARN stopped: webserver (terminated by SIGTERM)
2025-08-21 02:41:54,511 INFO spawned: 'webserver' with pid 32712
2025-08-21 02:41:55,587 INFO success: webserver entered RUNNING state, process has stayed up for > than 1 seconds (startsecs)
2025-08-21 03:01:50,994 INFO waiting for webserver to stop
2025-08-21 03:01:50,996 WARN stopped: webserver (terminated by SIGTERM)
2025-08-21 03:01:51,001 INFO spawned: 'webserver' with pid 34255
2025-08-21 03:01:52,090 INFO success: webserver entered RUNNING state, process has stayed up for > than 1 seconds (startsecs)
2025-08-21 03:06:37,172 INFO waiting for webserver to stop
2025-08-21 03:06:37,174 WARN stopped: webserver (terminated by SIGTERM)
2025-08-21 03:06:37,179 INFO spawned: 'webserver' with pid 34884
2025-08-21 03:06:38,261 INFO success: webserver entered RUNNING state, process has stayed up for > than 1 seconds (startsecs)
2025-08-21 14:46:08,491 INFO waiting for webserver to stop
2025-08-21 14:46:08,493 WARN stopped: webserver (terminated by SIGTERM)
2025-08-21 14:46:08,498 INFO spawned: 'webserver' with pid 43399
2025-08-21 14:46:09,588 INFO success: webserver entered RUNNING state, process has stayed up for > than 1 seconds (startsecs)
